<?xml version="1.0" encoding="UTF-8"?>
<testsuite name="com.example.demo.controller.Task" tests="2" skipped="0" failures="0" errors="0" timestamp="2020-06-12T07:10:00" hostname="matsushitashunnoMacBook-Pro.local" time="0.564">
  <properties/>
  <testcase name="readReceivedTaskのget()" classname="com.example.demo.controller.Task" time="0.526"/>
  <testcase name="editのget()" classname="com.example.demo.controller.Task" time="0.037"/>
  <system-out><![CDATA[2020-06-12 16:10:00.408  INFO 66644 --- [    Test worker] .b.t.a.w.s.WebMvcTestContextBootstrapper : Neither @ContextConfiguration nor @ContextHierarchy found for test class [com.example.demo.controller.Task], using SpringBootContextLoader
2020-06-12 16:10:00.409  INFO 66644 --- [    Test worker] o.s.t.c.support.AbstractContextLoader    : Could not detect default resource locations for test class [com.example.demo.controller.Task]: no resource found for suffixes {-context.xml, Context.groovy}.
2020-06-12 16:10:00.409  INFO 66644 --- [    Test worker] t.c.s.AnnotationConfigContextLoaderUtils : Could not detect default configuration classes for test class [com.example.demo.controller.Task]: Task does not declare any static, non-private, non-final, nested classes annotated with @Configuration.
2020-06-12 16:10:00.412  INFO 66644 --- [    Test worker] .b.t.c.SpringBootTestContextBootstrapper : Found @SpringBootConfiguration com.example.demo.TaskManagementAppApplication for test class com.example.demo.controller.Task
2020-06-12 16:10:00.413  INFO 66644 --- [    Test worker] .b.t.a.w.s.WebMvcTestContextBootstrapper : Loaded default TestExecutionListener class names from location [META-INF/spring.factories]: [org.springframework.security.test.context.support.WithSecurityContextTestExecutionListener, org.springframework.security.test.context.support.ReactorContextTestExecutionListener, org.springframework.boot.test.autoconfigure.restdocs.RestDocsTestExecutionListener, org.springframework.boot.test.autoconfigure.web.client.MockRestServiceServerResetTestExecutionListener, org.springframework.boot.test.autoconfigure.web.servlet.MockMvcPrintOnlyOnFailureTestExecutionListener, org.springframework.boot.test.autoconfigure.web.servlet.WebDriverTestExecutionListener, org.springframework.boot.test.mock.mockito.MockitoTestExecutionListener, org.springframework.boot.test.mock.mockito.ResetMocksTestExecutionListener, org.springframework.test.context.web.ServletTestExecutionListener, org.springframework.test.context.support.DirtiesContextBeforeModesTestExecutionListener, org.springframework.test.context.support.DependencyInjectionTestExecutionListener, org.springframework.test.context.support.DirtiesContextTestExecutionListener, org.springframework.test.context.transaction.TransactionalTestExecutionListener, org.springframework.test.context.jdbc.SqlScriptsTestExecutionListener, org.springframework.test.context.event.EventPublishingTestExecutionListener]
2020-06-12 16:10:00.413  INFO 66644 --- [    Test worker] .b.t.a.w.s.WebMvcTestContextBootstrapper : Using TestExecutionListeners: [org.springframework.test.context.web.ServletTestExecutionListener@20b5e130, org.springframework.test.context.support.DirtiesContextBeforeModesTestExecutionListener@2acf4410, org.springframework.boot.test.mock.mockito.MockitoTestExecutionListener@1feaac6d, org.springframework.boot.test.autoconfigure.SpringBootDependencyInjectionTestExecutionListener@2f2c12e4, org.springframework.test.context.support.DirtiesContextTestExecutionListener@209fca50, org.springframework.test.context.transaction.TransactionalTestExecutionListener@7020e597, org.springframework.test.context.jdbc.SqlScriptsTestExecutionListener@3a63a63a, org.springframework.security.test.context.support.WithSecurityContextTestExecutionListener@759738a0, org.springframework.test.context.event.EventPublishingTestExecutionListener@2b84a108, org.springframework.security.test.context.support.ReactorContextTestExecutionListener@5cfff5b2, org.springframework.boot.test.autoconfigure.restdocs.RestDocsTestExecutionListener@7b0ada61, org.springframework.boot.test.autoconfigure.web.client.MockRestServiceServerResetTestExecutionListener@3714af98, org.springframework.boot.test.autoconfigure.web.servlet.MockMvcPrintOnlyOnFailureTestExecutionListener@3996d493, org.springframework.boot.test.autoconfigure.web.servlet.WebDriverTestExecutionListener@1a67f476, org.springframework.boot.test.mock.mockito.ResetMocksTestExecutionListener@3713fc89]

  .   ____          _            __ _ _
 /\\ / ___'_ __ _ _(_)_ __  __ _ \ \ \ \
( ( )\___ | '_ | '_| | '_ \/ _` | \ \ \ \
 \\/  ___)| |_)| | | | | || (_| |  ) ) ) )
  '  |____| .__|_| |_|_| |_\__, | / / / /
 =========|_|==============|___/=/_/_/_/
 :: Spring Boot ::        (v2.2.6.RELEASE)

2020-06-12 16:10:00.477  INFO 66644 --- [    Test worker] com.example.demo.controller.Task         : Starting Task on matsushitashunnoMacBook-Pro.local with PID 66644 (started by matsushitashun in /Users/matsushitashun/git/TaskManagement/TaskManagementApp)
2020-06-12 16:10:00.478  INFO 66644 --- [    Test worker] com.example.demo.controller.Task         : No active profile set, falling back to default profiles: default
2020-06-12 16:10:00.710  INFO 66644 --- [    Test worker] o.s.s.concurrent.ThreadPoolTaskExecutor  : Initializing ExecutorService 'applicationTaskExecutor'
2020-06-12 16:10:00.730  INFO 66644 --- [    Test worker] o.s.b.a.w.s.WelcomePageHandlerMapping    : Adding welcome page template: index
2020-06-12 16:10:00.810  INFO 66644 --- [    Test worker] o.s.s.web.DefaultSecurityFilterChain     : Creating filter chain: Ant [pattern='/js/**'], []
2020-06-12 16:10:00.811  INFO 66644 --- [    Test worker] o.s.s.web.DefaultSecurityFilterChain     : Creating filter chain: Ant [pattern='/css/**'], []
2020-06-12 16:10:00.811  INFO 66644 --- [    Test worker] o.s.s.web.DefaultSecurityFilterChain     : Creating filter chain: Ant [pattern='/static/**'], []
2020-06-12 16:10:00.865  INFO 66644 --- [    Test worker] o.s.s.web.DefaultSecurityFilterChain     : Creating filter chain: any request, [org.springframework.security.web.context.request.async.WebAsyncManagerIntegrationFilter@7a8c6fa3, org.springframework.security.web.context.SecurityContextPersistenceFilter@6c6596f9, org.springframework.security.web.header.HeaderWriterFilter@68124c38, org.springframework.security.web.csrf.CsrfFilter@37b0475a, org.springframework.security.web.authentication.logout.LogoutFilter@1b8e7b74, org.springframework.security.web.authentication.UsernamePasswordAuthenticationFilter@35fe3bca, org.springframework.security.web.session.ConcurrentSessionFilter@5977094e, org.springframework.security.web.savedrequest.RequestCacheAwareFilter@166c74c1, org.springframework.security.web.servletapi.SecurityContextHolderAwareRequestFilter@3a40afdf, org.springframework.security.web.authentication.rememberme.RememberMeAuthenticationFilter@3774490b, org.springframework.security.web.authentication.AnonymousAuthenticationFilter@1b96144c, org.springframework.security.web.session.SessionManagementFilter@6cc8191a, org.springframework.security.web.access.ExceptionTranslationFilter@66ba63aa, org.springframework.security.web.access.intercept.FilterSecurityInterceptor@75429721]
2020-06-12 16:10:00.876  INFO 66644 --- [    Test worker] o.s.b.t.m.w.SpringBootMockServletContext : Initializing Spring TestDispatcherServlet ''
2020-06-12 16:10:00.876  INFO 66644 --- [    Test worker] o.s.t.web.servlet.TestDispatcherServlet  : Initializing Servlet ''
2020-06-12 16:10:00.880  INFO 66644 --- [    Test worker] o.s.t.web.servlet.TestDispatcherServlet  : Completed initialization in 4 ms
2020-06-12 16:10:00.888  INFO 66644 --- [    Test worker] com.example.demo.controller.Task         : Started Task in 0.424 seconds (JVM running for 50.09)
]]></system-out>
  <system-err><![CDATA[]]></system-err>
</testsuite>
